<?xml version="1.0" encoding="UTF-8"?>
<!-- Generated by org.testng.reporters.JUnitXMLReporter -->
<testsuite ignored="0" hostname="MBP-cua-Tong.lan" failures="0" tests="3" name="Default test" time="167.996" errors="0" timestamp="2025-08-05T20:26:20 ICT">
  <testcase classname="tests.TextBoxTest" name="submitDataSuccesfully" time="23.324"/>
  <testcase classname="tests.TextBoxTest" name="validateEmailformat" time="38.57"/>
  <testcase classname="tests.TextBoxTest" name="validateEmailformat" time="28.655"/>
</testsuite> <!-- Default test -->
