<?xml version="1.0" encoding="UTF-8"?>
<!-- Generated by org.testng.reporters.JUnitReportReporter -->
<testsuite hostname="MBP-cua-Tong.lan" failures="0" tests="3" name="tests.TextBoxTest" time="167.971" errors="0" timestamp="2025-08-05T20:26:20 ICT" skipped="0">
  <testcase classname="tests.TextBoxTest" name="validateEmailformat" time="64.873"/>
  <testcase classname="tests.TextBoxTest" name="validateEmailformat" time="53.296"/>
  <testcase classname="tests.TextBoxTest" name="submitDataSuccesfully" time="49.802"/>
</testsuite> <!-- tests.TextBoxTest -->
